<?xml version="1.0" encoding="UTF-8"?>
<testsuite xmlns:xsi="http://www.w3.org/2001/XMLSchema-instance" xsi:noNamespaceSchemaLocation="https://maven.apache.org/surefire/maven-surefire-plugin/xsd/surefire-test-report.xsd" name="TestSuite" time="0.267" tests="0" errors="0" skipped="0" failures="0">
  <properties>
    <property name="gopherProxySet" value="false"/>
    <property name="awt.toolkit" value="sun.lwawt.macosx.LWCToolkit"/>
    <property name="file.encoding.pkg" value="sun.io"/>
    <property name="java.specification.version" value="1.8"/>
    <property name="sun.cpu.isalist" value=""/>
    <property name="sun.jnu.encoding" value="UTF-8"/>
    <property name="java.class.path" value="/Users/sudhindraimmidi/Downloads/restassured-cucumber-framework-master/target/test-classes:/Users/sudhindraimmidi/Downloads/restassured-cucumber-framework-master/target/classes:/Users/sudhindraimmidi/.m2/repository/info/cukes/cucumber-junit/1.2.5/cucumber-junit-1.2.5.jar:/Users/sudhindraimmidi/.m2/repository/info/cukes/cucumber-core/1.2.5/cucumber-core-1.2.5.jar:/Users/sudhindraimmidi/.m2/repository/info/cukes/cucumber-html/0.2.3/cucumber-html-0.2.3.jar:/Users/sudhindraimmidi/.m2/repository/junit/junit/4.12/junit-4.12.jar:/Users/sudhindraimmidi/.m2/repository/org/hamcrest/hamcrest-core/1.3/hamcrest-core-1.3.jar:/Users/sudhindraimmidi/.m2/repository/info/cukes/cucumber-java8/1.2.5/cucumber-java8-1.2.5.jar:/Users/sudhindraimmidi/.m2/repository/info/cukes/cucumber-java/1.2.5/cucumber-java-1.2.5.jar:/Users/sudhindraimmidi/.m2/repository/org/testng/testng/7.1.0/testng-7.1.0.jar:/Users/sudhindraimmidi/.m2/repository/com/beust/jcommander/1.72/jcommander-1.72.jar:/Users/sudhindraimmidi/.m2/repository/com/google/inject/guice/4.1.0/guice-4.1.0-no_aop.jar:/Users/sudhindraimmidi/.m2/repository/javax/inject/javax.inject/1/javax.inject-1.jar:/Users/sudhindraimmidi/.m2/repository/aopalliance/aopalliance/1.0/aopalliance-1.0.jar:/Users/sudhindraimmidi/.m2/repository/com/google/guava/guava/19.0/guava-19.0.jar:/Users/sudhindraimmidi/.m2/repository/org/yaml/snakeyaml/1.21/snakeyaml-1.21.jar:/Users/sudhindraimmidi/.m2/repository/info/cukes/cucumber-picocontainer/1.2.5/cucumber-picocontainer-1.2.5.jar:/Users/sudhindraimmidi/.m2/repository/info/cukes/cucumber-jvm-deps/1.0.5/cucumber-jvm-deps-1.0.5.jar:/Users/sudhindraimmidi/.m2/repository/info/cukes/gherkin/2.12.2/gherkin-2.12.2.jar:/Users/sudhindraimmidi/.m2/repository/org/picocontainer/picocontainer/2.15/picocontainer-2.15.jar:/Users/sudhindraimmidi/.m2/repository/io/rest-assured/rest-assured/4.3.1/rest-assured-4.3.1.jar:/Users/sudhindraimmidi/.m2/repository/org/codehaus/groovy/groovy/3.0.3/groovy-3.0.3.jar:/Users/sudhindraimmidi/.m2/repository/org/codehaus/groovy/groovy-xml/3.0.3/groovy-xml-3.0.3.jar:/Users/sudhindraimmidi/.m2/repository/org/apache/httpcomponents/httpclient/4.5.3/httpclient-4.5.3.jar:/Users/sudhindraimmidi/.m2/repository/org/apache/httpcomponents/httpcore/4.4.6/httpcore-4.4.6.jar:/Users/sudhindraimmidi/.m2/repository/commons-logging/commons-logging/1.2/commons-logging-1.2.jar:/Users/sudhindraimmidi/.m2/repository/commons-codec/commons-codec/1.9/commons-codec-1.9.jar:/Users/sudhindraimmidi/.m2/repository/org/apache/httpcomponents/httpmime/4.5.3/httpmime-4.5.3.jar:/Users/sudhindraimmidi/.m2/repository/org/hamcrest/hamcrest/2.1/hamcrest-2.1.jar:/Users/sudhindraimmidi/.m2/repository/org/ccil/cowan/tagsoup/tagsoup/1.2.1/tagsoup-1.2.1.jar:/Users/sudhindraimmidi/.m2/repository/io/rest-assured/json-path/4.3.1/json-path-4.3.1.jar:/Users/sudhindraimmidi/.m2/repository/org/codehaus/groovy/groovy-json/3.0.3/groovy-json-3.0.3.jar:/Users/sudhindraimmidi/.m2/repository/io/rest-assured/rest-assured-common/4.3.1/rest-assured-common-4.3.1.jar:/Users/sudhindraimmidi/.m2/repository/io/rest-assured/xml-path/4.3.1/xml-path-4.3.1.jar:/Users/sudhindraimmidi/.m2/repository/org/apache/commons/commons-lang3/3.4/commons-lang3-3.4.jar:/Users/sudhindraimmidi/.m2/repository/jakarta/xml/bind/jakarta.xml.bind-api/2.3.3/jakarta.xml.bind-api-2.3.3.jar:/Users/sudhindraimmidi/.m2/repository/jakarta/activation/jakarta.activation-api/1.2.2/jakarta.activation-api-1.2.2.jar:/Users/sudhindraimmidi/.m2/repository/com/sun/xml/bind/jaxb-impl/2.3.3/jaxb-impl-2.3.3.jar:/Users/sudhindraimmidi/.m2/repository/com/googlecode/json-simple/json-simple/1.1.1/json-simple-1.1.1.jar:/Users/sudhindraimmidi/.m2/repository/com/relevantcodes/extentreports/2.41.2/extentreports-2.41.2.jar:/Users/sudhindraimmidi/.m2/repository/org/jsoup/jsoup/1.8.3/jsoup-1.8.3.jar:/Users/sudhindraimmidi/.m2/repository/org/xerial/sqlite-jdbc/3.8.11.1/sqlite-jdbc-3.8.11.1.jar:/Users/sudhindraimmidi/.m2/repository/org/freemarker/freemarker/2.3.23/freemarker-2.3.23.jar:/Users/sudhindraimmidi/.m2/repository/org/mongodb/mongodb-driver/3.0.4/mongodb-driver-3.0.4.jar:/Users/sudhindraimmidi/.m2/repository/org/mongodb/bson/3.0.4/bson-3.0.4.jar:/Users/sudhindraimmidi/.m2/repository/org/mongodb/mongodb-driver-core/3.0.4/mongodb-driver-core-3.0.4.jar:/Users/sudhindraimmidi/.m2/repository/org/json/json/20180813/json-20180813.jar:"/>
    <property name="java.vm.vendor" value="Oracle Corporation"/>
    <property name="sun.arch.data.model" value="64"/>
    <property name="java.vendor.url" value="http://java.oracle.com/"/>
    <property name="user.timezone" value=""/>
    <property name="java.vm.specification.version" value="1.8"/>
    <property name="os.name" value="Mac OS X"/>
    <property name="user.country" value="GB"/>
    <property name="sun.java.launcher" value="SUN_STANDARD"/>
    <property name="sun.boot.library.path" value="/Library/Java/JavaVirtualMachines/jdk1.8.0_231.jdk/Contents/Home/jre/lib"/>
    <property name="sun.java.command" value="/Users/sudhindraimmidi/Downloads/restassured-cucumber-framework-master/target/surefire/surefirebooter6390525645527178739.jar /Users/sudhindraimmidi/Downloads/restassured-cucumber-framework-master/target/surefire 2020-09-14T17-34-50_641-jvmRun1 surefire1556801323841637851tmp surefire_04965388948275729586tmp"/>
    <property name="http.nonProxyHosts" value="local|*.local|169.254/16|*.169.254/16"/>
    <property name="surefire.test.class.path" value="/Users/sudhindraimmidi/Downloads/restassured-cucumber-framework-master/target/test-classes:/Users/sudhindraimmidi/Downloads/restassured-cucumber-framework-master/target/classes:/Users/sudhindraimmidi/.m2/repository/info/cukes/cucumber-junit/1.2.5/cucumber-junit-1.2.5.jar:/Users/sudhindraimmidi/.m2/repository/info/cukes/cucumber-core/1.2.5/cucumber-core-1.2.5.jar:/Users/sudhindraimmidi/.m2/repository/info/cukes/cucumber-html/0.2.3/cucumber-html-0.2.3.jar:/Users/sudhindraimmidi/.m2/repository/junit/junit/4.12/junit-4.12.jar:/Users/sudhindraimmidi/.m2/repository/org/hamcrest/hamcrest-core/1.3/hamcrest-core-1.3.jar:/Users/sudhindraimmidi/.m2/repository/info/cukes/cucumber-java8/1.2.5/cucumber-java8-1.2.5.jar:/Users/sudhindraimmidi/.m2/repository/info/cukes/cucumber-java/1.2.5/cucumber-java-1.2.5.jar:/Users/sudhindraimmidi/.m2/repository/org/testng/testng/7.1.0/testng-7.1.0.jar:/Users/sudhindraimmidi/.m2/repository/com/beust/jcommander/1.72/jcommander-1.72.jar:/Users/sudhindraimmidi/.m2/repository/com/google/inject/guice/4.1.0/guice-4.1.0-no_aop.jar:/Users/sudhindraimmidi/.m2/repository/javax/inject/javax.inject/1/javax.inject-1.jar:/Users/sudhindraimmidi/.m2/repository/aopalliance/aopalliance/1.0/aopalliance-1.0.jar:/Users/sudhindraimmidi/.m2/repository/com/google/guava/guava/19.0/guava-19.0.jar:/Users/sudhindraimmidi/.m2/repository/org/yaml/snakeyaml/1.21/snakeyaml-1.21.jar:/Users/sudhindraimmidi/.m2/repository/info/cukes/cucumber-picocontainer/1.2.5/cucumber-picocontainer-1.2.5.jar:/Users/sudhindraimmidi/.m2/repository/info/cukes/cucumber-jvm-deps/1.0.5/cucumber-jvm-deps-1.0.5.jar:/Users/sudhindraimmidi/.m2/repository/info/cukes/gherkin/2.12.2/gherkin-2.12.2.jar:/Users/sudhindraimmidi/.m2/repository/org/picocontainer/picocontainer/2.15/picocontainer-2.15.jar:/Users/sudhindraimmidi/.m2/repository/io/rest-assured/rest-assured/4.3.1/rest-assured-4.3.1.jar:/Users/sudhindraimmidi/.m2/repository/org/codehaus/groovy/groovy/3.0.3/groovy-3.0.3.jar:/Users/sudhindraimmidi/.m2/repository/org/codehaus/groovy/groovy-xml/3.0.3/groovy-xml-3.0.3.jar:/Users/sudhindraimmidi/.m2/repository/org/apache/httpcomponents/httpclient/4.5.3/httpclient-4.5.3.jar:/Users/sudhindraimmidi/.m2/repository/org/apache/httpcomponents/httpcore/4.4.6/httpcore-4.4.6.jar:/Users/sudhindraimmidi/.m2/repository/commons-logging/commons-logging/1.2/commons-logging-1.2.jar:/Users/sudhindraimmidi/.m2/repository/commons-codec/commons-codec/1.9/commons-codec-1.9.jar:/Users/sudhindraimmidi/.m2/repository/org/apache/httpcomponents/httpmime/4.5.3/httpmime-4.5.3.jar:/Users/sudhindraimmidi/.m2/repository/org/hamcrest/hamcrest/2.1/hamcrest-2.1.jar:/Users/sudhindraimmidi/.m2/repository/org/ccil/cowan/tagsoup/tagsoup/1.2.1/tagsoup-1.2.1.jar:/Users/sudhindraimmidi/.m2/repository/io/rest-assured/json-path/4.3.1/json-path-4.3.1.jar:/Users/sudhindraimmidi/.m2/repository/org/codehaus/groovy/groovy-json/3.0.3/groovy-json-3.0.3.jar:/Users/sudhindraimmidi/.m2/repository/io/rest-assured/rest-assured-common/4.3.1/rest-assured-common-4.3.1.jar:/Users/sudhindraimmidi/.m2/repository/io/rest-assured/xml-path/4.3.1/xml-path-4.3.1.jar:/Users/sudhindraimmidi/.m2/repository/org/apache/commons/commons-lang3/3.4/commons-lang3-3.4.jar:/Users/sudhindraimmidi/.m2/repository/jakarta/xml/bind/jakarta.xml.bind-api/2.3.3/jakarta.xml.bind-api-2.3.3.jar:/Users/sudhindraimmidi/.m2/repository/jakarta/activation/jakarta.activation-api/1.2.2/jakarta.activation-api-1.2.2.jar:/Users/sudhindraimmidi/.m2/repository/com/sun/xml/bind/jaxb-impl/2.3.3/jaxb-impl-2.3.3.jar:/Users/sudhindraimmidi/.m2/repository/com/googlecode/json-simple/json-simple/1.1.1/json-simple-1.1.1.jar:/Users/sudhindraimmidi/.m2/repository/com/relevantcodes/extentreports/2.41.2/extentreports-2.41.2.jar:/Users/sudhindraimmidi/.m2/repository/org/jsoup/jsoup/1.8.3/jsoup-1.8.3.jar:/Users/sudhindraimmidi/.m2/repository/org/xerial/sqlite-jdbc/3.8.11.1/sqlite-jdbc-3.8.11.1.jar:/Users/sudhindraimmidi/.m2/repository/org/freemarker/freemarker/2.3.23/freemarker-2.3.23.jar:/Users/sudhindraimmidi/.m2/repository/org/mongodb/mongodb-driver/3.0.4/mongodb-driver-3.0.4.jar:/Users/sudhindraimmidi/.m2/repository/org/mongodb/bson/3.0.4/bson-3.0.4.jar:/Users/sudhindraimmidi/.m2/repository/org/mongodb/mongodb-driver-core/3.0.4/mongodb-driver-core-3.0.4.jar:/Users/sudhindraimmidi/.m2/repository/org/json/json/20180813/json-20180813.jar:"/>
    <property name="sun.cpu.endian" value="little"/>
    <property name="user.home" value="/Users/sudhindraimmidi"/>
    <property name="user.language" value="en"/>
    <property name="java.specification.vendor" value="Oracle Corporation"/>
    <property name="java.home" value="/Library/Java/JavaVirtualMachines/jdk1.8.0_231.jdk/Contents/Home/jre"/>
    <property name="basedir" value="/Users/sudhindraimmidi/Downloads/restassured-cucumber-framework-master"/>
    <property name="file.separator" value="/"/>
    <property name="line.separator" value="&#10;"/>
    <property name="java.vm.specification.vendor" value="Oracle Corporation"/>
    <property name="java.specification.name" value="Java Platform API Specification"/>
    <property name="java.awt.graphicsenv" value="sun.awt.CGraphicsEnvironment"/>
    <property name="surefire.real.class.path" value="/Users/sudhindraimmidi/Downloads/restassured-cucumber-framework-master/target/surefire/surefirebooter6390525645527178739.jar"/>
    <property name="sun.boot.class.path" value="/Library/Java/JavaVirtualMachines/jdk1.8.0_231.jdk/Contents/Home/jre/lib/resources.jar:/Library/Java/JavaVirtualMachines/jdk1.8.0_231.jdk/Contents/Home/jre/lib/rt.jar:/Library/Java/JavaVirtualMachines/jdk1.8.0_231.jdk/Contents/Home/jre/lib/sunrsasign.jar:/Library/Java/JavaVirtualMachines/jdk1.8.0_231.jdk/Contents/Home/jre/lib/jsse.jar:/Library/Java/JavaVirtualMachines/jdk1.8.0_231.jdk/Contents/Home/jre/lib/jce.jar:/Library/Java/JavaVirtualMachines/jdk1.8.0_231.jdk/Contents/Home/jre/lib/charsets.jar:/Library/Java/JavaVirtualMachines/jdk1.8.0_231.jdk/Contents/Home/jre/lib/jfr.jar:/Library/Java/JavaVirtualMachines/jdk1.8.0_231.jdk/Contents/Home/jre/classes"/>
    <property name="sun.management.compiler" value="HotSpot 64-Bit Tiered Compilers"/>
    <property name="ftp.nonProxyHosts" value="local|*.local|169.254/16|*.169.254/16"/>
    <property name="java.runtime.version" value="1.8.0_231-b11"/>
    <property name="user.name" value="sudhindraimmidi"/>
    <property name="path.separator" value=":"/>
    <property name="os.version" value="10.15.6"/>
    <property name="java.endorsed.dirs" value="/Library/Java/JavaVirtualMachines/jdk1.8.0_231.jdk/Contents/Home/jre/lib/endorsed"/>
    <property name="java.runtime.name" value="Java(TM) SE Runtime Environment"/>
    <property name="file.encoding" value="UTF-8"/>
    <property name="java.vm.name" value="Java HotSpot(TM) 64-Bit Server VM"/>
    <property name="localRepository" value="/Users/sudhindraimmidi/.m2/repository"/>
    <property name="java.vendor.url.bug" value="http://bugreport.sun.com/bugreport/"/>
    <property name="java.io.tmpdir" value="/var/folders/p_/0b_87hl115l1wcj2ml1b0t0m0000gn/T/"/>
    <property name="java.version" value="1.8.0_231"/>
    <property name="user.dir" value="/Users/sudhindraimmidi/Downloads/restassured-cucumber-framework-master"/>
    <property name="os.arch" value="x86_64"/>
    <property name="java.vm.specification.name" value="Java Virtual Machine Specification"/>
    <property name="java.awt.printerjob" value="sun.lwawt.macosx.CPrinterJob"/>
    <property name="sun.os.patch.level" value="unknown"/>
    <property name="java.library.path" value="/Users/sudhindraimmidi/Library/Java/Extensions:/Library/Java/Extensions:/Network/Library/Java/Extensions:/System/Library/Java/Extensions:/usr/lib/java:."/>
    <property name="java.vm.info" value="mixed mode"/>
    <property name="java.vendor" value="Oracle Corporation"/>
    <property name="java.vm.version" value="25.231-b11"/>
    <property name="java.ext.dirs" value="/Users/sudhindraimmidi/Library/Java/Extensions:/Library/Java/JavaVirtualMachines/jdk1.8.0_231.jdk/Contents/Home/jre/lib/ext:/Library/Java/Extensions:/Network/Library/Java/Extensions:/System/Library/Java/Extensions:/usr/lib/java"/>
    <property name="sun.io.unicode.encoding" value="UnicodeBig"/>
    <property name="java.class.version" value="52.0"/>
    <property name="socksNonProxyHosts" value="local|*.local|169.254/16|*.169.254/16"/>
  </properties>
</testsuite>